  ANDROID_HOME=C:\Users\Administrator\AppData\Local\Android\Sdk
  ANDROID_SDK_ROOT=C:\Users\Administrator\AppData\Local\Android\Sdk
  ANT_HOME=
  JAVA_HOME=C:\Program Files\Android\jdk\jdk-8.0.302.8-hotspot\jdk8u302-b08
  NDK_ROOT=C:\Microsoft\AndroidNDK\android-ndk-r23c
  pch.h
  jnienv.cpp
  AddInNative.cpp
AddInNative.cpp(382,12): warning : unused variable 'env' [-Wunused-variable]
                          JNIEnv* env = getJniEnv();
                                  ^
  1 warning generated.
  BTScaner.cpp
BTScaner.cpp(120,1): warning : non-void function does not return a value in all control paths [-Wreturn-type]
  }
  ^
BTScaner.cpp(132,1): warning : non-void function does not return a value in all control paths [-Wreturn-type]
  }
  ^
  2 warnings generated.
  ConversionWchar.cpp
  BTScaner.vcxproj -> D:\Projects\AddIn1C\BTScaner\BTScaner\ARM\Release\BTScaner_ARM.so
